
  [32m[1mVITE[22m v6.3.5[39m  [2mready in [0m[1m4161[22m[2m[0m ms[22m

  [32m➜[39m  [1mLocal[22m:   [36mhttp://localhost:[1m5173[22m/[39m
[2m  [32m➜[39m  [1mNetwork[22m[2m: use [22m[1m--host[22m[2m to expose[22m
[2m18:50:51[22m [36m[1m[vite][22m[39m [90m[2m(client)[22m[39m [32mhmr update [39m[2m/src/app/pages/NosotrosPage.tsx, /src/styles/index.css[22m
[2m18:50:59[22m [36m[1m[vite][22m[39m [90m[2m(client)[22m[39m [32mhmr update [39m[2m/src/app/pages/CasosPage.tsx, /src/styles/index.css[22m
[2m18:51:14[22m [36m[1m[vite][22m[39m [90m[2m(client)[22m[39m [32mhmr update [39m[2m/src/app/components/Navbar.tsx, /src/styles/index.css[22m
[2m19:00:19[22m [36m[1m[vite][22m[39m [90m[2m(client)[22m[39m [32mhmr update [39m[2m/src/app/components/home/HomeHero.tsx, /src/styles/index.css[22m
[2m19:00:19[22m [31m[1m[vite][22m[39m [31mInternal server error: Failed to resolve import "../../imports/Gemini_Generated_Image_h21rm5h21rm5h21r.png" from "src/app/components/home/HomeHero.tsx". Does the file exist?[39m
  Plugin: [35mvite:import-analysis[39m
  File: [36mD:/hongo/Documents/Antigravity/Oxent x SportsprintMx/src/app/components/home/HomeHero.tsx[39m:5:20
[33m  19 |  import { ImageWithFallback } from "../figma/ImageWithFallback";
  20 |  import { ScrollReveal } from "../ScrollReveal";
  21 |  import heroImg from "../../imports/Gemini_Generated_Image_h21rm5h21rm5h21r.png";
     |                       ^
  22 |  export function HomeHero() {
  23 |    return /* @__PURE__ */ jsxDEV("section", { className: "relative min-h-[85vh] flex flex-col justify-center pt-32 pb-16 overflow-hidden bg-white text-black", children: /* @__PURE__ */ jsxDEV("div", { className: "max-w-[1400px] mx-auto px-5 sm:px-8 lg:px-12 w-full grid lg:grid-cols-12 gap-12 lg:gap-8 items-center", children: [[39m
      at TransformPluginContext._formatLog (file:///D:/hongo/Documents/Antigravity/Oxent%20x%20SportsprintMx/node_modules/vite/dist/node/chunks/dep-DBxKXgDP.js:42499:41)
      at TransformPluginContext.error (file:///D:/hongo/Documents/Antigravity/Oxent%20x%20SportsprintMx/node_modules/vite/dist/node/chunks/dep-DBxKXgDP.js:42496:16)
      at normalizeUrl (file:///D:/hongo/Documents/Antigravity/Oxent%20x%20SportsprintMx/node_modules/vite/dist/node/chunks/dep-DBxKXgDP.js:40475:23)
      at process.processTicksAndRejections (node:internal/process/task_queues:95:5)
      at async file:///D:/hongo/Documents/Antigravity/Oxent%20x%20SportsprintMx/node_modules/vite/dist/node/chunks/dep-DBxKXgDP.js:40594:37
      at async Promise.all (index 7)
      at async TransformPluginContext.transform (file:///D:/hongo/Documents/Antigravity/Oxent%20x%20SportsprintMx/node_modules/vite/dist/node/chunks/dep-DBxKXgDP.js:40521:7)
      at async EnvironmentPluginContainer.transform (file:///D:/hongo/Documents/Antigravity/Oxent%20x%20SportsprintMx/node_modules/vite/dist/node/chunks/dep-DBxKXgDP.js:42294:18)
      at async loadAndTransform (file:///D:/hongo/Documents/Antigravity/Oxent%20x%20SportsprintMx/node_modules/vite/dist/node/chunks/dep-DBxKXgDP.js:35735:27)
      at async viteTransformMiddleware (file:///D:/hongo/Documents/Antigravity/Oxent%20x%20SportsprintMx/node_modules/vite/dist/node/chunks/dep-DBxKXgDP.js:37250:24)
[2m19:00:34[22m [36m[1m[vite][22m[39m [90m[2m(client)[22m[39m [32mhmr update [39m[2m/src/app/pages/NosotrosPage.tsx, /src/styles/index.css[22m
[2m19:00:34[22m [31m[1m[vite][22m[39m [31mInternal server error: Failed to resolve import "../imports/Gemini_Generated_Image_ecrae5ecrae5ecra.png" from "src/app/pages/NosotrosPage.tsx". Does the file exist?[39m
  Plugin: [35mvite:import-analysis[39m
  File: [36mD:/hongo/Documents/Antigravity/Oxent x SportsprintMx/src/app/pages/NosotrosPage.tsx[39m:8:21
[33m  20 |  import { ImageWithFallback } from "../components/figma/ImageWithFallback";
  21 |  import { ShieldCheck, Calendar, Users, Cpu, Leaf, Compass } from "lucide-react";
  22 |  import gallery1 from "../imports/Gemini_Generated_Image_ecrae5ecrae5ecra.png";
     |                        ^
  23 |  import gallery2 from "../imports/Gemini_Generated_Image_ehcjcyehcjcyehcj.png";
  24 |  import gallery3 from "../imports/Gemini_Generated_Image_h21rm5h21rm5h21r.png";[39m
      at TransformPluginContext._formatLog (file:///D:/hongo/Documents/Antigravity/Oxent%20x%20SportsprintMx/node_modules/vite/dist/node/chunks/dep-DBxKXgDP.js:42499:41)
      at TransformPluginContext.error (file:///D:/hongo/Documents/Antigravity/Oxent%20x%20SportsprintMx/node_modules/vite/dist/node/chunks/dep-DBxKXgDP.js:42496:16)
      at normalizeUrl (file:///D:/hongo/Documents/Antigravity/Oxent%20x%20SportsprintMx/node_modules/vite/dist/node/chunks/dep-DBxKXgDP.js:40475:23)
      at process.processTicksAndRejections (node:internal/process/task_queues:95:5)
      at async file:///D:/hongo/Documents/Antigravity/Oxent%20x%20SportsprintMx/node_modules/vite/dist/node/chunks/dep-DBxKXgDP.js:40594:37
      at async Promise.all (index 8)
      at async TransformPluginContext.transform (file:///D:/hongo/Documents/Antigravity/Oxent%20x%20SportsprintMx/node_modules/vite/dist/node/chunks/dep-DBxKXgDP.js:40521:7)
      at async EnvironmentPluginContainer.transform (file:///D:/hongo/Documents/Antigravity/Oxent%20x%20SportsprintMx/node_modules/vite/dist/node/chunks/dep-DBxKXgDP.js:42294:18)
      at async loadAndTransform (file:///D:/hongo/Documents/Antigravity/Oxent%20x%20SportsprintMx/node_modules/vite/dist/node/chunks/dep-DBxKXgDP.js:35735:27)
      at async viteTransformMiddleware (file:///D:/hongo/Documents/Antigravity/Oxent%20x%20SportsprintMx/node_modules/vite/dist/node/chunks/dep-DBxKXgDP.js:37250:24)
[2m19:00:39[22m [36m[1m[vite][22m[39m [90m[2m(client)[22m[39m [32mhmr update [39m[2m/src/app/App.tsx, /src/styles/index.css[22m
[2m19:00:39[22m [31m[1m[vite][22m[39m [31m[2m(client)[22m[39m Pre-transform error: Failed to resolve import "../../imports/Gemini_Generated_Image_h21rm5h21rm5h21r.png" from "src/app/components/home/HomeHero.tsx". Does the file exist?
  Plugin: [35mvite:import-analysis[39m
  File: [36mD:/hongo/Documents/Antigravity/Oxent x SportsprintMx/src/app/components/home/HomeHero.tsx[39m:5:20
[33m  19 |  import { ImageWithFallback } from "../figma/ImageWithFallback";
  20 |  import { ScrollReveal } from "../ScrollReveal";
  21 |  import heroImg from "../../imports/Gemini_Generated_Image_h21rm5h21rm5h21r.png";
     |                       ^
  22 |  export function HomeHero() {
  23 |    return /* @__PURE__ */ jsxDEV("section", { className: "relative min-h-[85vh] flex flex-col justify-center pt-32 pb-16 overflow-hidden bg-white text-black", children: /* @__PURE__ */ jsxDEV("div", { className: "max-w-[1400px] mx-auto px-5 sm:px-8 lg:px-12 w-full grid lg:grid-cols-12 gap-12 lg:gap-8 items-center", children: [[39m
[2m19:00:40[22m [31m[1m[vite][22m[39m [31mInternal server error: Failed to resolve import "../imports/Gemini_Generated_Image_ecrae5ecrae5ecra.png" from "src/app/pages/NosotrosPage.tsx". Does the file exist?[39m
  Plugin: [35mvite:import-analysis[39m
  File: [36mD:/hongo/Documents/Antigravity/Oxent x SportsprintMx/src/app/pages/NosotrosPage.tsx[39m:8:21
[33m  22 |  import { ImageWithFallback } from "../components/figma/ImageWithFallback";
  23 |  import { ShieldCheck, Calendar, Users, Cpu, Leaf, Compass } from "lucide-react";
  24 |  import gallery1 from "../imports/Gemini_Generated_Image_ecrae5ecrae5ecra.png";
     |                        ^
  25 |  import gallery2 from "../imports/Gemini_Generated_Image_ehcjcyehcjcyehcj.png";
  26 |  import gallery3 from "../imports/Gemini_Generated_Image_h21rm5h21rm5h21r.png";[39m
      at TransformPluginContext._formatLog (file:///D:/hongo/Documents/Antigravity/Oxent%20x%20SportsprintMx/node_modules/vite/dist/node/chunks/dep-DBxKXgDP.js:42499:41)
      at TransformPluginContext.error (file:///D:/hongo/Documents/Antigravity/Oxent%20x%20SportsprintMx/node_modules/vite/dist/node/chunks/dep-DBxKXgDP.js:42496:16)
      at normalizeUrl (file:///D:/hongo/Documents/Antigravity/Oxent%20x%20SportsprintMx/node_modules/vite/dist/node/chunks/dep-DBxKXgDP.js:40475:23)
      at process.processTicksAndRejections (node:internal/process/task_queues:95:5)
      at async file:///D:/hongo/Documents/Antigravity/Oxent%20x%20SportsprintMx/node_modules/vite/dist/node/chunks/dep-DBxKXgDP.js:40594:37
      at async Promise.all (index 9)
      at async TransformPluginContext.transform (file:///D:/hongo/Documents/Antigravity/Oxent%20x%20SportsprintMx/node_modules/vite/dist/node/chunks/dep-DBxKXgDP.js:40521:7)
      at async EnvironmentPluginContainer.transform (file:///D:/hongo/Documents/Antigravity/Oxent%20x%20SportsprintMx/node_modules/vite/dist/node/chunks/dep-DBxKXgDP.js:42294:18)
      at async loadAndTransform (file:///D:/hongo/Documents/Antigravity/Oxent%20x%20SportsprintMx/node_modules/vite/dist/node/chunks/dep-DBxKXgDP.js:35735:27)
[2m19:00:40[22m [31m[1m[vite][22m[39m [31m[2m(client)[22m[39m Pre-transform error: Failed to resolve import "../imports/Gemini_Generated_Image_ecrae5ecrae5ecra.png" from "src/app/pages/NosotrosPage.tsx". Does the file exist?
  Plugin: [35mvite:import-analysis[39m
  File: [36mD:/hongo/Documents/Antigravity/Oxent x SportsprintMx/src/app/pages/NosotrosPage.tsx[39m:8:21
[33m  22 |  import { ImageWithFallback } from "../components/figma/ImageWithFallback";
  23 |  import { ShieldCheck, Calendar, Users, Cpu, Leaf, Compass } from "lucide-react";
  24 |  import gallery1 from "../imports/Gemini_Generated_Image_ecrae5ecrae5ecra.png";
     |                        ^
  25 |  import gallery2 from "../imports/Gemini_Generated_Image_ehcjcyehcjcyehcj.png";
  26 |  import gallery3 from "../imports/Gemini_Generated_Image_h21rm5h21rm5h21r.png";[39m
[2m19:00:44[22m [36m[1m[vite][22m[39m [90m[2m(client)[22m[39m [32mhmr update [39m[2m/src/app/App.tsx, /src/styles/index.css[22m
[2m19:00:44[22m [31m[1m[vite][22m[39m [31mInternal server error: Failed to resolve import "../imports/Gemini_Generated_Image_ecrae5ecrae5ecra.png" from "src/app/pages/NosotrosPage.tsx". Does the file exist?[39m
  Plugin: [35mvite:import-analysis[39m
  File: [36mD:/hongo/Documents/Antigravity/Oxent x SportsprintMx/src/app/pages/NosotrosPage.tsx[39m:8:21
[33m  22 |  import { ImageWithFallback } from "../components/figma/ImageWithFallback";
  23 |  import { ShieldCheck, Calendar, Users, Cpu, Leaf, Compass } from "lucide-react";
  24 |  import gallery1 from "../imports/Gemini_Generated_Image_ecrae5ecrae5ecra.png";
     |                        ^
  25 |  import gallery2 from "../imports/Gemini_Generated_Image_ehcjcyehcjcyehcj.png";
  26 |  import gallery3 from "../imports/Gemini_Generated_Image_h21rm5h21rm5h21r.png";[39m
      at TransformPluginContext._formatLog (file:///D:/hongo/Documents/Antigravity/Oxent%20x%20SportsprintMx/node_modules/vite/dist/node/chunks/dep-DBxKXgDP.js:42499:41)
      at TransformPluginContext.error (file:///D:/hongo/Documents/Antigravity/Oxent%20x%20SportsprintMx/node_modules/vite/dist/node/chunks/dep-DBxKXgDP.js:42496:16)
      at normalizeUrl (file:///D:/hongo/Documents/Antigravity/Oxent%20x%20SportsprintMx/node_modules/vite/dist/node/chunks/dep-DBxKXgDP.js:40475:23)
      at process.processTicksAndRejections (node:internal/process/task_queues:95:5)
      at async file:///D:/hongo/Documents/Antigravity/Oxent%20x%20SportsprintMx/node_modules/vite/dist/node/chunks/dep-DBxKXgDP.js:40594:37
      at async Promise.all (index 9)
      at async TransformPluginContext.transform (file:///D:/hongo/Documents/Antigravity/Oxent%20x%20SportsprintMx/node_modules/vite/dist/node/chunks/dep-DBxKXgDP.js:40521:7)
      at async EnvironmentPluginContainer.transform (file:///D:/hongo/Documents/Antigravity/Oxent%20x%20SportsprintMx/node_modules/vite/dist/node/chunks/dep-DBxKXgDP.js:42294:18)
      at async loadAndTransform (file:///D:/hongo/Documents/Antigravity/Oxent%20x%20SportsprintMx/node_modules/vite/dist/node/chunks/dep-DBxKXgDP.js:35735:27)
[2m19:00:44[22m [31m[1m[vite][22m[39m [31m[2m(client)[22m[39m Pre-transform error: Failed to resolve import "../imports/Gemini_Generated_Image_ecrae5ecrae5ecra.png" from "src/app/pages/NosotrosPage.tsx". Does the file exist?
  Plugin: [35mvite:import-analysis[39m
  File: [36mD:/hongo/Documents/Antigravity/Oxent x SportsprintMx/src/app/pages/NosotrosPage.tsx[39m:8:21
[33m  22 |  import { ImageWithFallback } from "../components/figma/ImageWithFallback";
  23 |  import { ShieldCheck, Calendar, Users, Cpu, Leaf, Compass } from "lucide-react";
  24 |  import gallery1 from "../imports/Gemini_Generated_Image_ecrae5ecrae5ecra.png";
     |                        ^
  25 |  import gallery2 from "../imports/Gemini_Generated_Image_ehcjcyehcjcyehcj.png";
  26 |  import gallery3 from "../imports/Gemini_Generated_Image_h21rm5h21rm5h21r.png";[39m
[2m19:00:48[22m [36m[1m[vite][22m[39m [90m[2m(client)[22m[39m [32mhmr update [39m[2m/src/app/App.tsx, /src/styles/index.css[22m
[2m19:00:49[22m [31m[1m[vite][22m[39m [31mInternal server error: Failed to resolve import "../imports/Gemini_Generated_Image_ecrae5ecrae5ecra.png" from "src/app/pages/NosotrosPage.tsx". Does the file exist?[39m
  Plugin: [35mvite:import-analysis[39m
  File: [36mD:/hongo/Documents/Antigravity/Oxent x SportsprintMx/src/app/pages/NosotrosPage.tsx[39m:8:21
[33m  22 |  import { ImageWithFallback } from "../components/figma/ImageWithFallback";
  23 |  import { ShieldCheck, Calendar, Users, Cpu, Leaf, Compass } from "lucide-react";
  24 |  import gallery1 from "../imports/Gemini_Generated_Image_ecrae5ecrae5ecra.png";
     |                        ^
  25 |  import gallery2 from "../imports/Gemini_Generated_Image_ehcjcyehcjcyehcj.png";
  26 |  import gallery3 from "../imports/Gemini_Generated_Image_h21rm5h21rm5h21r.png";[39m
      at TransformPluginContext._formatLog (file:///D:/hongo/Documents/Antigravity/Oxent%20x%20SportsprintMx/node_modules/vite/dist/node/chunks/dep-DBxKXgDP.js:42499:41)
      at TransformPluginContext.error (file:///D:/hongo/Documents/Antigravity/Oxent%20x%20SportsprintMx/node_modules/vite/dist/node/chunks/dep-DBxKXgDP.js:42496:16)
      at normalizeUrl (file:///D:/hongo/Documents/Antigravity/Oxent%20x%20SportsprintMx/node_modules/vite/dist/node/chunks/dep-DBxKXgDP.js:40475:23)
      at process.processTicksAndRejections (node:internal/process/task_queues:95:5)
      at async file:///D:/hongo/Documents/Antigravity/Oxent%20x%20SportsprintMx/node_modules/vite/dist/node/chunks/dep-DBxKXgDP.js:40594:37
      at async Promise.all (index 9)
      at async TransformPluginContext.transform (file:///D:/hongo/Documents/Antigravity/Oxent%20x%20SportsprintMx/node_modules/vite/dist/node/chunks/dep-DBxKXgDP.js:40521:7)
      at async EnvironmentPluginContainer.transform (file:///D:/hongo/Documents/Antigravity/Oxent%20x%20SportsprintMx/node_modules/vite/dist/node/chunks/dep-DBxKXgDP.js:42294:18)
      at async loadAndTransform (file:///D:/hongo/Documents/Antigravity/Oxent%20x%20SportsprintMx/node_modules/vite/dist/node/chunks/dep-DBxKXgDP.js:35735:27)
[2m19:00:49[22m [31m[1m[vite][22m[39m [31m[2m(client)[22m[39m Pre-transform error: Failed to resolve import "../imports/Gemini_Generated_Image_ecrae5ecrae5ecra.png" from "src/app/pages/NosotrosPage.tsx". Does the file exist?
  Plugin: [35mvite:import-analysis[39m
  File: [36mD:/hongo/Documents/Antigravity/Oxent x SportsprintMx/src/app/pages/NosotrosPage.tsx[39m:8:21
[33m  22 |  import { ImageWithFallback } from "../components/figma/ImageWithFallback";
  23 |  import { ShieldCheck, Calendar, Users, Cpu, Leaf, Compass } from "lucide-react";
  24 |  import gallery1 from "../imports/Gemini_Generated_Image_ecrae5ecrae5ecra.png";
     |                        ^
  25 |  import gallery2 from "../imports/Gemini_Generated_Image_ehcjcyehcjcyehcj.png";
  26 |  import gallery3 from "../imports/Gemini_Generated_Image_h21rm5h21rm5h21r.png";[39m
[2m19:00:55[22m [36m[1m[vite][22m[39m [90m[2m(client)[22m[39m [32mhmr update [39m[2m/src/app/App.tsx, /src/styles/index.css[22m
[2m19:00:55[22m [31m[1m[vite][22m[39m [31mInternal server error: Failed to resolve import "../imports/Gemini_Generated_Image_ecrae5ecrae5ecra.png" from "src/app/pages/NosotrosPage.tsx". Does the file exist?[39m
  Plugin: [35mvite:import-analysis[39m
  File: [36mD:/hongo/Documents/Antigravity/Oxent x SportsprintMx/src/app/pages/NosotrosPage.tsx[39m:8:21
[33m  22 |  import { ImageWithFallback } from "../components/figma/ImageWithFallback";
  23 |  import { ShieldCheck, Calendar, Users, Cpu, Leaf, Compass, X } from "lucide-react";
  24 |  import gallery1 from "../imports/Gemini_Generated_Image_ecrae5ecrae5ecra.png";
     |                        ^
  25 |  import gallery2 from "../imports/Gemini_Generated_Image_ehcjcyehcjcyehcj.png";
  26 |  import gallery3 from "../imports/Gemini_Generated_Image_h21rm5h21rm5h21r.png";[39m
      at TransformPluginContext._formatLog (file:///D:/hongo/Documents/Antigravity/Oxent%20x%20SportsprintMx/node_modules/vite/dist/node/chunks/dep-DBxKXgDP.js:42499:41)
      at TransformPluginContext.error (file:///D:/hongo/Documents/Antigravity/Oxent%20x%20SportsprintMx/node_modules/vite/dist/node/chunks/dep-DBxKXgDP.js:42496:16)
      at normalizeUrl (file:///D:/hongo/Documents/Antigravity/Oxent%20x%20SportsprintMx/node_modules/vite/dist/node/chunks/dep-DBxKXgDP.js:40475:23)
      at process.processTicksAndRejections (node:internal/process/task_queues:95:5)
      at async file:///D:/hongo/Documents/Antigravity/Oxent%20x%20SportsprintMx/node_modules/vite/dist/node/chunks/dep-DBxKXgDP.js:40594:37
      at async Promise.all (index 9)
      at async TransformPluginContext.transform (file:///D:/hongo/Documents/Antigravity/Oxent%20x%20SportsprintMx/node_modules/vite/dist/node/chunks/dep-DBxKXgDP.js:40521:7)
      at async EnvironmentPluginContainer.transform (file:///D:/hongo/Documents/Antigravity/Oxent%20x%20SportsprintMx/node_modules/vite/dist/node/chunks/dep-DBxKXgDP.js:42294:18)
      at async loadAndTransform (file:///D:/hongo/Documents/Antigravity/Oxent%20x%20SportsprintMx/node_modules/vite/dist/node/chunks/dep-DBxKXgDP.js:35735:27)
[2m19:00:55[22m [31m[1m[vite][22m[39m [31m[2m(client)[22m[39m Pre-transform error: Failed to resolve import "../imports/Gemini_Generated_Image_ecrae5ecrae5ecra.png" from "src/app/pages/NosotrosPage.tsx". Does the file exist?
  Plugin: [35mvite:import-analysis[39m
  File: [36mD:/hongo/Documents/Antigravity/Oxent x SportsprintMx/src/app/pages/NosotrosPage.tsx[39m:8:21
[33m  22 |  import { ImageWithFallback } from "../components/figma/ImageWithFallback";
  23 |  import { ShieldCheck, Calendar, Users, Cpu, Leaf, Compass, X } from "lucide-react";
  24 |  import gallery1 from "../imports/Gemini_Generated_Image_ecrae5ecrae5ecra.png";
     |                        ^
  25 |  import gallery2 from "../imports/Gemini_Generated_Image_ehcjcyehcjcyehcj.png";
  26 |  import gallery3 from "../imports/Gemini_Generated_Image_h21rm5h21rm5h21r.png";[39m
[2m19:01:27[22m [36m[1m[vite][22m[39m [90m[2m(client)[22m[39m [32mhmr update [39m[2m/src/app/App.tsx, /src/styles/index.css[22m
[2m19:01:52[22m [36m[1m[vite][22m[39m [90m[2m(client)[22m[39m [32mhmr update [39m[2m/src/app/pages/HomePage.tsx, /src/styles/index.css[22m
[2m19:05:44[22m [36m[1m[vite][22m[39m [90m[2m(client)[22m[39m [32mhmr update [39m[2m/src/styles/index.css[22m
[2m19:05:55[22m [36m[1m[vite][22m[39m [90m[2m(client)[22m[39m [32mhmr update [39m[2m/src/styles/index.css[22m
[2m19:06:00[22m [36m[1m[vite][22m[39m [90m[2m(client)[22m[39m [32mhmr update [39m[2m/src/styles/index.css[22m
[2m19:06:12[22m [36m[1m[vite][22m[39m [90m[2m(client)[22m[39m [32mhmr update [39m[2m/src/app/components/Navbar.tsx, /src/styles/index.css[22m
[2m19:06:21[22m [36m[1m[vite][22m[39m [90m[2m(client)[22m[39m [32mhmr update [39m[2m/src/app/components/home/HomeHero.tsx, /src/styles/index.css[22m
[2m19:06:27[22m [36m[1m[vite][22m[39m [90m[2m(client)[22m[39m [32mhmr update [39m[2m/src/styles/index.css[22m
[2m19:18:30[22m [36m[1m[vite][22m[39m [90m[2m(client)[22m[39m [32mhmr update [39m[2m/src/app/components/home/HomeHero.tsx, /src/styles/index.css[22m
[2m19:18:38[22m [36m[1m[vite][22m[39m [90m[2m(client)[22m[39m [32mhmr update [39m[2m/src/app/pages/HomePage.tsx, /src/styles/index.css[22m
[2m19:38:44[22m [36m[1m[vite][22m[39m [90m[2m(client)[22m[39m [32mhmr update [39m[2m/src/app/components/home/CasosExitoSection.tsx, /src/styles/index.css[22m
[2m19:38:52[22m [36m[1m[vite][22m[39m [90m[2m(client)[22m[39m [32mhmr update [39m[2m/src/app/pages/CasosPage.tsx, /src/styles/index.css[22m
[2m19:39:01[22m [36m[1m[vite][22m[39m [90m[2m(client)[22m[39m [32mpage reload [39m[2msrc/app/components/CaseStudies.tsx[22m
[2m19:39:11[22m [36m[1m[vite][22m[39m [90m[2m(client)[22m[39m [32mpage reload [39m[2msrc/app/components/CaseStudies.tsx[22m
[2m19:39:22[22m [36m[1m[vite][22m[39m [90m[2m(client)[22m[39m [32mpage reload [39m[2msrc/app/components/CaseStudies.tsx[22m
[2m20:13:42[22m [36m[1m[vite][22m[39m [90m[2m(client)[22m[39m [32mhmr update [39m[2m/src/app/components/Footer.tsx, /src/styles/index.css[22m
[2m20:17:39[22m [36m[1m[vite][22m[39m [90m[2m(client)[22m[39m [32mhmr update [39m[2m/src/app/pages/NosotrosPage.tsx, /src/styles/index.css[22m
[2m23:06:37[22m [36m[1m[vite][22m[39m [90m[2m(client)[22m[39m [32mhmr update [39m[2m/src/app/components/Navbar.tsx, /src/styles/index.css[22m
[2m23:11:00[22m [36m[1m[vite][22m[39m [90m[2m(client)[22m[39m [32mhmr update [39m[2m/src/app/pages/CasosPage.tsx, /src/styles/index.css[22m
[2m23:11:13[22m [36m[1m[vite][22m[39m [90m[2m(client)[22m[39m [32mhmr update [39m[2m/src/app/components/Navbar.tsx, /src/styles/index.css[22m
[2m23:30:47[22m [36m[1m[vite][22m[39m [90m[2m(client)[22m[39m [32mhmr update [39m[2m/src/styles/index.css[22m
